[     276ms] [INFO] %cDownload the React DevTools for a better development experience: https://react.dev/link/react-devtools font-weight:bold @ http://localhost:3020/_next/static/chunks/node_modules_next_dist_115brz8._.js:2477
[     319ms] [LOG] [HMR] connected @ http://localhost:3020/_next/static/chunks/node_modules_next_dist_115brz8._.js:2477
[     374ms] [ERROR] Failed to load resource: the server responded with a status of 404 (Not Found) @ http://localhost:3020/favicon.ico:0
[  154933ms] [LOG] [Fast Refresh] rebuilding @ http://localhost:3020/_next/static/chunks/node_modules_next_dist_115brz8._.js:2477
[  155013ms] [LOG] [Fast Refresh] done in 164ms @ http://localhost:3020/_next/static/chunks/node_modules_next_dist_115brz8._.js:2477
[  162177ms] [LOG] [Fast Refresh] rebuilding @ http://localhost:3020/_next/static/chunks/node_modules_next_dist_115brz8._.js:2477
[  162205ms] [LOG] [Fast Refresh] done in 55ms @ http://localhost:3020/_next/static/chunks/node_modules_next_dist_115brz8._.js:2477
[  203342ms] [LOG] [Fast Refresh] rebuilding @ http://localhost:3020/_next/static/chunks/node_modules_next_dist_115brz8._.js:2477
[  203360ms] [LOG] [Fast Refresh] done in 62ms @ http://localhost:3020/_next/static/chunks/node_modules_next_dist_115brz8._.js:2477
[  208119ms] [LOG] [Fast Refresh] rebuilding @ http://localhost:3020/_next/static/chunks/node_modules_next_dist_115brz8._.js:2477
[  208147ms] [LOG] [Fast Refresh] done in 29ms @ http://localhost:3020/_next/static/chunks/node_modules_next_dist_115brz8._.js:2477
[  281322ms] [WARNING] Detected `scroll-behavior: smooth` on the `<html>` element. To disable smooth scrolling during route transitions, add `data-scroll-behavior="smooth"` to your <html> element. Learn more: https://nextjs.org/docs/messages/missing-data-scroll-behavior @ http://localhost:3020/_next/static/chunks/node_modules_next_dist_115brz8._.js:2477
[  281367ms] [LOG] [Fast Refresh] rebuilding @ http://localhost:3020/_next/static/chunks/node_modules_next_dist_115brz8._.js:2477
[  281571ms] [LOG] [Fast Refresh] done in 306ms @ http://localhost:3020/_next/static/chunks/node_modules_next_dist_115brz8._.js:2477
[  294924ms] [INFO] %cDownload the React DevTools for a better development experience: https://react.dev/link/react-devtools font-weight:bold @ http://localhost:3020/_next/static/chunks/node_modules_next_dist_115brz8._.js:2477
[  294941ms] [LOG] [HMR] connected @ http://localhost:3020/_next/static/chunks/node_modules_next_dist_115brz8._.js:2477
[  385029ms] [INFO] %cDownload the React DevTools for a better development experience: https://react.dev/link/react-devtools font-weight:bold @ http://localhost:3020/_next/static/chunks/node_modules_next_dist_115brz8._.js:2477
[  385041ms] [LOG] [HMR] connected @ http://localhost:3020/_next/static/chunks/node_modules_next_dist_115brz8._.js:2477
[  399858ms] [LOG] [Fast Refresh] rebuilding @ http://localhost:3020/_next/static/chunks/node_modules_next_dist_115brz8._.js:2477
[  399922ms] [LOG] [Fast Refresh] done in 88ms @ http://localhost:3020/_next/static/chunks/node_modules_next_dist_115brz8._.js:2477
[  503757ms] [INFO] %cDownload the React DevTools for a better development experience: https://react.dev/link/react-devtools font-weight:bold @ http://localhost:3020/_next/static/chunks/node_modules_next_dist_115brz8._.js:2477
[  503775ms] [LOG] [HMR] connected @ http://localhost:3020/_next/static/chunks/node_modules_next_dist_115brz8._.js:2477
[  505369ms] [INFO] %cDownload the React DevTools for a better development experience: https://react.dev/link/react-devtools font-weight:bold @ http://localhost:3020/_next/static/chunks/node_modules_next_dist_115brz8._.js:2477
[  505379ms] [LOG] [HMR] connected @ http://localhost:3020/_next/static/chunks/node_modules_next_dist_115brz8._.js:2477
[  511392ms] [INFO] %cDownload the React DevTools for a better development experience: https://react.dev/link/react-devtools font-weight:bold @ http://localhost:3020/_next/static/chunks/node_modules_next_dist_115brz8._.js:2477
[  511400ms] [LOG] [HMR] connected @ http://localhost:3020/_next/static/chunks/node_modules_next_dist_115brz8._.js:2477
[  528310ms] [LOG] [Fast Refresh] rebuilding @ http://localhost:3020/_next/static/chunks/node_modules_next_dist_115brz8._.js:2477
[  528334ms] [LOG] [Fast Refresh] done in 39ms @ http://localhost:3020/_next/static/chunks/node_modules_next_dist_115brz8._.js:2477
[  570596ms] [INFO] %cDownload the React DevTools for a better development experience: https://react.dev/link/react-devtools font-weight:bold @ http://localhost:3020/_next/static/chunks/node_modules_next_dist_115brz8._.js:2477
[  570606ms] [LOG] [HMR] connected @ http://localhost:3020/_next/static/chunks/node_modules_next_dist_115brz8._.js:2477
[  939111ms] [LOG] [Fast Refresh] rebuilding @ http://localhost:3020/_next/static/chunks/node_modules_next_dist_115brz8._.js:2477
[  939135ms] [LOG] [Fast Refresh] done in 127ms @ http://localhost:3020/_next/static/chunks/node_modules_next_dist_115brz8._.js:2477
[  943128ms] [LOG] [Fast Refresh] rebuilding @ http://localhost:3020/_next/static/chunks/node_modules_next_dist_115brz8._.js:2477
[  943245ms] [LOG] [Fast Refresh] done in 155ms @ http://localhost:3020/_next/static/chunks/node_modules_next_dist_115brz8._.js:2477
[  951843ms] [LOG] [Fast Refresh] rebuilding @ http://localhost:3020/_next/static/chunks/node_modules_next_dist_115brz8._.js:2477
[  951895ms] [LOG] [Fast Refresh] done in 153ms @ http://localhost:3020/_next/static/chunks/node_modules_next_dist_115brz8._.js:2477
[ 1035430ms] [LOG] [Fast Refresh] rebuilding @ http://localhost:3020/_next/static/chunks/node_modules_next_dist_115brz8._.js:2477
[ 1035523ms] [LOG] [Fast Refresh] done in 194ms @ http://localhost:3020/_next/static/chunks/node_modules_next_dist_115brz8._.js:2477
[ 1065241ms] [LOG] [Fast Refresh] rebuilding @ http://localhost:3020/_next/static/chunks/node_modules_next_dist_115brz8._.js:2477
[ 1065282ms] [LOG] [Fast Refresh] done in 96ms @ http://localhost:3020/_next/static/chunks/node_modules_next_dist_115brz8._.js:2477
[ 1079379ms] [LOG] [Fast Refresh] rebuilding @ http://localhost:3020/_next/static/chunks/node_modules_next_dist_115brz8._.js:2477
[ 1079439ms] [LOG] [Fast Refresh] done in 126ms @ http://localhost:3020/_next/static/chunks/node_modules_next_dist_115brz8._.js:2477
[ 1091844ms] [LOG] [Fast Refresh] rebuilding @ http://localhost:3020/_next/static/chunks/node_modules_next_dist_115brz8._.js:2477
[ 1091873ms] [LOG] [Fast Refresh] done in 47ms @ http://localhost:3020/_next/static/chunks/node_modules_next_dist_115brz8._.js:2477
[ 1100671ms] [LOG] [Fast Refresh] rebuilding @ http://localhost:3020/_next/static/chunks/node_modules_next_dist_115brz8._.js:2477
[ 1100701ms] [LOG] [Fast Refresh] done in 42ms @ http://localhost:3020/_next/static/chunks/node_modules_next_dist_115brz8._.js:2477
[ 1112463ms] [LOG] [Fast Refresh] rebuilding @ http://localhost:3020/_next/static/chunks/node_modules_next_dist_115brz8._.js:2477
[ 1112526ms] [LOG] [Fast Refresh] done in 132ms @ http://localhost:3020/_next/static/chunks/node_modules_next_dist_115brz8._.js:2477
[ 1117700ms] [LOG] [Fast Refresh] rebuilding @ http://localhost:3020/_next/static/chunks/node_modules_next_dist_115brz8._.js:2477
[ 1117733ms] [LOG] [Fast Refresh] done in 34ms @ http://localhost:3020/_next/static/chunks/node_modules_next_dist_115brz8._.js:2477
[ 1120224ms] [LOG] [Fast Refresh] rebuilding @ http://localhost:3020/_next/static/chunks/node_modules_next_dist_115brz8._.js:2477
[ 1120252ms] [LOG] [Fast Refresh] done in 30ms @ http://localhost:3020/_next/static/chunks/node_modules_next_dist_115brz8._.js:2477
[ 1126213ms] [LOG] [Fast Refresh] rebuilding @ http://localhost:3020/_next/static/chunks/node_modules_next_dist_115brz8._.js:2477
[ 1126244ms] [LOG] [Fast Refresh] done in 86ms @ http://localhost:3020/_next/static/chunks/node_modules_next_dist_115brz8._.js:2477
[ 1133795ms] [LOG] [Fast Refresh] rebuilding @ http://localhost:3020/_next/static/chunks/node_modules_next_dist_115brz8._.js:2477
[ 1133828ms] [LOG] [Fast Refresh] done in 41ms @ http://localhost:3020/_next/static/chunks/node_modules_next_dist_115brz8._.js:2477
[ 1137392ms] [LOG] [Fast Refresh] rebuilding @ http://localhost:3020/_next/static/chunks/node_modules_next_dist_115brz8._.js:2477
[ 1137422ms] [LOG] [Fast Refresh] done in 49ms @ http://localhost:3020/_next/static/chunks/node_modules_next_dist_115brz8._.js:2477
[ 1140612ms] [LOG] [Fast Refresh] rebuilding @ http://localhost:3020/_next/static/chunks/node_modules_next_dist_115brz8._.js:2477
[ 1140652ms] [LOG] [Fast Refresh] done in 21ms @ http://localhost:3020/_next/static/chunks/node_modules_next_dist_115brz8._.js:2477
[ 1147253ms] [LOG] [Fast Refresh] rebuilding @ http://localhost:3020/_next/static/chunks/node_modules_next_dist_115brz8._.js:2477
[ 1147257ms] [LOG] [Fast Refresh] done in 106ms @ http://localhost:3020/_next/static/chunks/node_modules_next_dist_115brz8._.js:2477
[ 1153117ms] [LOG] [Fast Refresh] rebuilding @ http://localhost:3020/_next/static/chunks/node_modules_next_dist_115brz8._.js:2477
[ 1153159ms] [LOG] [Fast Refresh] done in 41ms @ http://localhost:3020/_next/static/chunks/node_modules_next_dist_115brz8._.js:2477
[ 1156283ms] [LOG] [Fast Refresh] rebuilding @ http://localhost:3020/_next/static/chunks/node_modules_next_dist_115brz8._.js:2477
[ 1156313ms] [LOG] [Fast Refresh] done in 44ms @ http://localhost:3020/_next/static/chunks/node_modules_next_dist_115brz8._.js:2477
[ 2092108ms] [LOG] [Fast Refresh] rebuilding @ http://localhost:3020/_next/static/chunks/node_modules_next_dist_115brz8._.js:2477
[ 2092203ms] [LOG] [Fast Refresh] done in 160ms @ http://localhost:3020/_next/static/chunks/node_modules_next_dist_115brz8._.js:2477
[ 2099663ms] [LOG] [Fast Refresh] rebuilding @ http://localhost:3020/_next/static/chunks/node_modules_next_dist_115brz8._.js:2477
[ 2099720ms] [LOG] [Fast Refresh] done in 122ms @ http://localhost:3020/_next/static/chunks/node_modules_next_dist_115brz8._.js:2477
[ 2103628ms] [LOG] [Fast Refresh] rebuilding @ http://localhost:3020/_next/static/chunks/node_modules_next_dist_115brz8._.js:2477
[ 2103660ms] [LOG] [Fast Refresh] done in 42ms @ http://localhost:3020/_next/static/chunks/node_modules_next_dist_115brz8._.js:2477
[ 2110075ms] [LOG] [Fast Refresh] rebuilding @ http://localhost:3020/_next/static/chunks/node_modules_next_dist_115brz8._.js:2477
[ 2110136ms] [LOG] [Fast Refresh] done in 133ms @ http://localhost:3020/_next/static/chunks/node_modules_next_dist_115brz8._.js:2477
[ 2114237ms] [LOG] [Fast Refresh] rebuilding @ http://localhost:3020/_next/static/chunks/node_modules_next_dist_115brz8._.js:2477
[ 2114267ms] [LOG] [Fast Refresh] done in 43ms @ http://localhost:3020/_next/static/chunks/node_modules_next_dist_115brz8._.js:2477
[ 2121167ms] [LOG] [Fast Refresh] rebuilding @ http://localhost:3020/_next/static/chunks/node_modules_next_dist_115brz8._.js:2477
[ 2121251ms] [LOG] [Fast Refresh] done in 155ms @ http://localhost:3020/_next/static/chunks/node_modules_next_dist_115brz8._.js:2477
[ 2136579ms] [LOG] [Fast Refresh] rebuilding @ http://localhost:3020/_next/static/chunks/node_modules_next_dist_115brz8._.js:2477
[ 2136628ms] [LOG] [Fast Refresh] done in 65ms @ http://localhost:3020/_next/static/chunks/node_modules_next_dist_115brz8._.js:2477
[ 2145090ms] [LOG] [Fast Refresh] rebuilding @ http://localhost:3020/_next/static/chunks/node_modules_next_dist_115brz8._.js:2477
[ 2145121ms] [LOG] [Fast Refresh] done in 52ms @ http://localhost:3020/_next/static/chunks/node_modules_next_dist_115brz8._.js:2477
[ 2159654ms] [LOG] [Fast Refresh] rebuilding @ http://localhost:3020/_next/static/chunks/node_modules_next_dist_115brz8._.js:2477
[ 2159683ms] [LOG] [Fast Refresh] done in 47ms @ http://localhost:3020/_next/static/chunks/node_modules_next_dist_115brz8._.js:2477
[ 2179673ms] [LOG] [Fast Refresh] rebuilding @ http://localhost:3020/_next/static/chunks/node_modules_next_dist_115brz8._.js:2477
[ 2180036ms] [LOG] [Fast Refresh] done in 453ms @ http://localhost:3020/_next/static/chunks/node_modules_next_dist_115brz8._.js:2477
[ 2180156ms] [LOG] [Fast Refresh] rebuilding @ http://localhost:3020/_next/static/chunks/node_modules_next_dist_115brz8._.js:2477
[ 2180238ms] [LOG] [Fast Refresh] done in 183ms @ http://localhost:3020/_next/static/chunks/node_modules_next_dist_115brz8._.js:2477
[ 2182799ms] [LOG] [Fast Refresh] rebuilding @ http://localhost:3020/_next/static/chunks/node_modules_next_dist_115brz8._.js:2477
[ 2182829ms] [LOG] [Fast Refresh] done in 32ms @ http://localhost:3020/_next/static/chunks/node_modules_next_dist_115brz8._.js:2477
[ 2191086ms] [LOG] [Fast Refresh] rebuilding @ http://localhost:3020/_next/static/chunks/node_modules_next_dist_115brz8._.js:2477
[ 2191152ms] [LOG] [Fast Refresh] done in 51ms @ http://localhost:3020/_next/static/chunks/node_modules_next_dist_115brz8._.js:2477
[ 2203091ms] [LOG] [Fast Refresh] rebuilding @ http://localhost:3020/_next/static/chunks/node_modules_next_dist_115brz8._.js:2477
[ 2203119ms] [LOG] [Fast Refresh] done in 42ms @ http://localhost:3020/_next/static/chunks/node_modules_next_dist_115brz8._.js:2477
[ 2216042ms] [LOG] [Fast Refresh] rebuilding @ http://localhost:3020/_next/static/chunks/node_modules_next_dist_115brz8._.js:2477
[ 2216116ms] TypeError: Cannot read properties of undefined (reading 'slice')
    at DemoPersonCard (http://localhost:3020/_next/static/chunks/_0ptf5sr._.js?id=%255Bproject%255D%252Fsrc%252Fcomponents%252Fmarketing%252FDemoPersonCard.tsx+%255Bapp-client%255D+%2528ecmascript%2529:106:51)
    at Object.react_stack_bottom_frame (http://localhost:3020/_next/static/chunks/node_modules_next_dist_compiled_react-dom_058-ah~._.js:15037:24)
    at renderWithHooks (http://localhost:3020/_next/static/chunks/node_modules_next_dist_compiled_react-dom_058-ah~._.js:4620:24)
    at updateFunctionComponent (http://localhost:3020/_next/static/chunks/node_modules_next_dist_compiled_react-dom_058-ah~._.js:6081:21)
    at beginWork (http://localhost:3020/_next/static/chunks/node_modules_next_dist_compiled_react-dom_058-ah~._.js:6691:24)
    at runWithFiberInDEV (http://localhost:3020/_next/static/chunks/node_modules_next_dist_compiled_react-dom_058-ah~._.js:965:74)
    at performUnitOfWork (http://localhost:3020/_next/static/chunks/node_modules_next_dist_compiled_react-dom_058-ah~._.js:9555:97)
    at workLoopSync (http://localhost:3020/_next/static/chunks/node_modules_next_dist_compiled_react-dom_058-ah~._.js:9449:40)
    at renderRootSync (http://localhost:3020/_next/static/chunks/node_modules_next_dist_compiled_react-dom_058-ah~._.js:9433:13)
    at performWorkOnRoot (http://localhost:3020/_next/static/chunks/node_modules_next_dist_compiled_react-dom_058-ah~._.js:9061:186)
    at performSyncWorkOnRoot (http://localhost:3020/_next/static/chunks/node_modules_next_dist_compiled_react-dom_058-ah~._.js:10263:9)
    at flushSyncWorkAcrossRoots_impl (http://localhost:3020/_next/static/chunks/node_modules_next_dist_compiled_react-dom_058-ah~._.js:10179:316)
    at flushSyncWork$1 (http://localhost:3020/_next/static/chunks/node_modules_next_dist_compiled_react-dom_058-ah~._.js:9230:86)
    at Object.scheduleRefresh (http://localhost:3020/_next/static/chunks/node_modules_next_dist_compiled_react-dom_058-ah~._.js:299:13)
    at http://localhost:3020/_next/static/chunks/node_modules_next_dist_compiled_0rpq4pf._.js:391:33
    at Set.forEach (<anonymous>)
    at Object.performReactRefresh (http://localhost:3020/_next/static/chunks/node_modules_next_dist_compiled_0rpq4pf._.js:384:38)
    at applyUpdate (http://localhost:3020/_next/static/chunks/node_modules_next_dist_compiled_0rpq4pf._.js:878:31)
    at http://localhost:3020/_next/static/chunks/node_modules_next_dist_compiled_0rpq4pf._.js:886:13
[ 2216143ms] [LOG] [Fast Refresh] done in 80ms @ http://localhost:3020/_next/static/chunks/node_modules_next_dist_115brz8._.js:2477
[ 2221251ms] [LOG] [Fast Refresh] rebuilding @ http://localhost:3020/_next/static/chunks/node_modules_next_dist_115brz8._.js:2477
[ 2221252ms] [WARNING] [Fast Refresh] performing full reload because your application had an unrecoverable error @ http://localhost:3020/_next/static/chunks/node_modules_next_dist_115brz8._.js:2477
[ 2221281ms] [LOG] [Fast Refresh] done in 30ms @ http://localhost:3020/_next/static/chunks/node_modules_next_dist_115brz8._.js:2477
[ 2221446ms] [INFO] %cDownload the React DevTools for a better development experience: https://react.dev/link/react-devtools font-weight:bold @ http://localhost:3020/_next/static/chunks/node_modules_next_dist_115brz8._.js:2477
[ 2221462ms] [LOG] [HMR] connected @ http://localhost:3020/_next/static/chunks/node_modules_next_dist_115brz8._.js:2477
[ 2243523ms] [LOG] [Fast Refresh] rebuilding @ http://localhost:3020/_next/static/chunks/node_modules_next_dist_115brz8._.js:2477
[ 2243630ms] [LOG] [Fast Refresh] done in 132ms @ http://localhost:3020/_next/static/chunks/node_modules_next_dist_115brz8._.js:2477
[ 2245875ms] [LOG] [Fast Refresh] rebuilding @ http://localhost:3020/_next/static/chunks/node_modules_next_dist_115brz8._.js:2477
[ 2245902ms] [LOG] [Fast Refresh] done in 23ms @ http://localhost:3020/_next/static/chunks/node_modules_next_dist_115brz8._.js:2477
[ 2261739ms] [LOG] [Fast Refresh] rebuilding @ http://localhost:3020/_next/static/chunks/node_modules_next_dist_115brz8._.js:2477
[ 2261835ms] [LOG] [Fast Refresh] done in 68ms @ http://localhost:3020/_next/static/chunks/node_modules_next_dist_115brz8._.js:2477
[ 2271497ms] [LOG] [Fast Refresh] rebuilding @ http://localhost:3020/_next/static/chunks/node_modules_next_dist_115brz8._.js:2477
[ 2271530ms] [LOG] [Fast Refresh] done in 64ms @ http://localhost:3020/_next/static/chunks/node_modules_next_dist_115brz8._.js:2477
[ 2276843ms] [LOG] [Fast Refresh] rebuilding @ http://localhost:3020/_next/static/chunks/node_modules_next_dist_115brz8._.js:2477
[ 2276882ms] [LOG] [Fast Refresh] done in 54ms @ http://localhost:3020/_next/static/chunks/node_modules_next_dist_115brz8._.js:2477
[ 2284230ms] [LOG] [Fast Refresh] rebuilding @ http://localhost:3020/_next/static/chunks/node_modules_next_dist_115brz8._.js:2477
[ 2284263ms] [LOG] [Fast Refresh] done in 48ms @ http://localhost:3020/_next/static/chunks/node_modules_next_dist_115brz8._.js:2477
[ 2290544ms] [LOG] [Fast Refresh] rebuilding @ http://localhost:3020/_next/static/chunks/node_modules_next_dist_115brz8._.js:2477
[ 2290762ms] [LOG] [Fast Refresh] done in 264ms @ http://localhost:3020/_next/static/chunks/node_modules_next_dist_115brz8._.js:2477
[ 2317688ms] [LOG] [Fast Refresh] rebuilding @ http://localhost:3020/_next/static/chunks/node_modules_next_dist_115brz8._.js:2477
[ 2317868ms] [LOG] [Fast Refresh] done in 220ms @ http://localhost:3020/_next/static/chunks/node_modules_next_dist_115brz8._.js:2477
[ 2352862ms] [LOG] [Fast Refresh] rebuilding @ http://localhost:3020/_next/static/chunks/node_modules_next_dist_115brz8._.js:2477
[ 2352895ms] [LOG] [Fast Refresh] done in 51ms @ http://localhost:3020/_next/static/chunks/node_modules_next_dist_115brz8._.js:2477
[ 2367108ms] [LOG] [Fast Refresh] rebuilding @ http://localhost:3020/_next/static/chunks/node_modules_next_dist_115brz8._.js:2477
[ 2367139ms] [LOG] [Fast Refresh] done in 56ms @ http://localhost:3020/_next/static/chunks/node_modules_next_dist_115brz8._.js:2477
