[     275ms] [INFO] %cDownload the React DevTools for a better development experience: https://react.dev/link/react-devtools font-weight:bold @ http://localhost:3020/_next/static/chunks/node_modules_next_dist_115brz8._.js:2477
[     322ms] [LOG] [HMR] connected @ http://localhost:3020/_next/static/chunks/node_modules_next_dist_115brz8._.js:2477
[  542733ms] [LOG] [Fast Refresh] rebuilding @ http://localhost:3020/_next/static/chunks/node_modules_next_dist_115brz8._.js:2477
[  542840ms] [LOG] [Fast Refresh] done in 189ms @ http://localhost:3020/_next/static/chunks/node_modules_next_dist_115brz8._.js:2477
[  964052ms] [LOG] [Fast Refresh] rebuilding @ http://localhost:3020/_next/static/chunks/node_modules_next_dist_115brz8._.js:2477
[  964400ms] [LOG] [Fast Refresh] done in 421ms @ http://localhost:3020/_next/static/chunks/node_modules_next_dist_115brz8._.js:2477
[  975697ms] [LOG] [Fast Refresh] rebuilding @ http://localhost:3020/_next/static/chunks/node_modules_next_dist_115brz8._.js:2477
[  975721ms] [LOG] [Fast Refresh] done in 43ms @ http://localhost:3020/_next/static/chunks/node_modules_next_dist_115brz8._.js:2477
[  983773ms] [LOG] [Fast Refresh] rebuilding @ http://localhost:3020/_next/static/chunks/node_modules_next_dist_115brz8._.js:2477
[  983815ms] [LOG] [Fast Refresh] done in 67ms @ http://localhost:3020/_next/static/chunks/node_modules_next_dist_115brz8._.js:2477
[ 1305881ms] [LOG] [Fast Refresh] rebuilding @ http://localhost:3020/_next/static/chunks/node_modules_next_dist_115brz8._.js:2477
[ 1305941ms] [LOG] [Fast Refresh] done in 142ms @ http://localhost:3020/_next/static/chunks/node_modules_next_dist_115brz8._.js:2477
[ 1310540ms] [LOG] [Fast Refresh] rebuilding @ http://localhost:3020/_next/static/chunks/node_modules_next_dist_115brz8._.js:2477
[ 1310545ms] [LOG] [Fast Refresh] done in 107ms @ http://localhost:3020/_next/static/chunks/node_modules_next_dist_115brz8._.js:2477
[ 1572341ms] [LOG] [Fast Refresh] rebuilding @ http://localhost:3020/_next/static/chunks/node_modules_next_dist_115brz8._.js:2477
[ 1572405ms] [LOG] [Fast Refresh] done in 172ms @ http://localhost:3020/_next/static/chunks/node_modules_next_dist_115brz8._.js:2477
[ 1952094ms] [ERROR] WebSocket connection to 'ws://localhost:3020/_next/webpack-hmr?id=JkwYs6s6p26PgCElm4t14' failed: Error in connection establishment: net::ERR_CONNECTION_REFUSED @ http://localhost:3020/_next/static/chunks/node_modules_next_dist_client_0fhqo1d._.js:13322
[ 1953096ms] [ERROR] WebSocket connection to 'ws://localhost:3020/_next/webpack-hmr?id=JkwYs6s6p26PgCElm4t14' failed: Error in connection establishment: net::ERR_CONNECTION_REFUSED @ http://localhost:3020/_next/static/chunks/node_modules_next_dist_client_0fhqo1d._.js:13322
[ 1954100ms] [ERROR] WebSocket connection to 'ws://localhost:3020/_next/webpack-hmr?id=JkwYs6s6p26PgCElm4t14' failed: Error in connection establishment: net::ERR_CONNECTION_REFUSED @ http://localhost:3020/_next/static/chunks/node_modules_next_dist_client_0fhqo1d._.js:13322
[ 1955102ms] [ERROR] WebSocket connection to 'ws://localhost:3020/_next/webpack-hmr?id=JkwYs6s6p26PgCElm4t14' failed: Error in connection establishment: net::ERR_CONNECTION_REFUSED @ http://localhost:3020/_next/static/chunks/node_modules_next_dist_client_0fhqo1d._.js:13322
[ 1956105ms] [ERROR] WebSocket connection to 'ws://localhost:3020/_next/webpack-hmr?id=JkwYs6s6p26PgCElm4t14' failed: Error in connection establishment: net::ERR_CONNECTION_REFUSED @ http://localhost:3020/_next/static/chunks/node_modules_next_dist_client_0fhqo1d._.js:13322
[ 1961109ms] [ERROR] WebSocket connection to 'ws://localhost:3020/_next/webpack-hmr?id=JkwYs6s6p26PgCElm4t14' failed: Error in connection establishment: net::ERR_CONNECTION_REFUSED @ http://localhost:3020/_next/static/chunks/node_modules_next_dist_client_0fhqo1d._.js:13322
[ 1966116ms] [ERROR] WebSocket connection to 'ws://localhost:3020/_next/webpack-hmr?id=JkwYs6s6p26PgCElm4t14' failed: Error in connection establishment: net::ERR_CONNECTION_REFUSED @ http://localhost:3020/_next/static/chunks/node_modules_next_dist_client_0fhqo1d._.js:13322
[ 1971137ms] [ERROR] WebSocket connection to 'ws://localhost:3020/_next/webpack-hmr?id=JkwYs6s6p26PgCElm4t14' failed: Error in connection establishment: net::ERR_CONNECTION_REFUSED @ http://localhost:3020/_next/static/chunks/node_modules_next_dist_client_0fhqo1d._.js:13322
[ 1976177ms] [ERROR] WebSocket connection to 'ws://localhost:3020/_next/webpack-hmr?id=JkwYs6s6p26PgCElm4t14' failed: Error in connection establishment: net::ERR_CONNECTION_REFUSED @ http://localhost:3020/_next/static/chunks/node_modules_next_dist_client_0fhqo1d._.js:13322
[ 1981253ms] [ERROR] WebSocket connection to 'ws://localhost:3020/_next/webpack-hmr?id=JkwYs6s6p26PgCElm4t14' failed: Error in connection establishment: net::ERR_CONNECTION_REFUSED @ http://localhost:3020/_next/static/chunks/node_modules_next_dist_client_0fhqo1d._.js:13322
[ 1986320ms] [ERROR] WebSocket connection to 'ws://localhost:3020/_next/webpack-hmr?id=JkwYs6s6p26PgCElm4t14' failed: Error in connection establishment: net::ERR_CONNECTION_REFUSED @ http://localhost:3020/_next/static/chunks/node_modules_next_dist_client_0fhqo1d._.js:13322
[ 1991438ms] [ERROR] WebSocket connection to 'ws://localhost:3020/_next/webpack-hmr?id=JkwYs6s6p26PgCElm4t14' failed: Error in connection establishment: net::ERR_CONNECTION_REFUSED @ http://localhost:3020/_next/static/chunks/node_modules_next_dist_client_0fhqo1d._.js:13322
