[  225156ms] [WARNING] Detected `scroll-behavior: smooth` on the `<html>` element. To disable smooth scrolling during route transitions, add `data-scroll-behavior="smooth"` to your <html> element. Learn more: https://nextjs.org/docs/messages/missing-data-scroll-behavior @ http://localhost:3020/_next/static/chunks/node_modules_next_dist_115brz8._.js:2477
[  232113ms] [ERROR] Unable to preventDefault inside passive event listener invocation. @ http://localhost:3020/_next/static/chunks/node_modules_next_dist_compiled_react-dom_058-ah~._.js:2325
[  232133ms] [ERROR] Unable to preventDefault inside passive event listener invocation. @ http://localhost:3020/_next/static/chunks/node_modules_next_dist_compiled_react-dom_058-ah~._.js:2325
[  232150ms] [ERROR] Unable to preventDefault inside passive event listener invocation. @ http://localhost:3020/_next/static/chunks/node_modules_next_dist_compiled_react-dom_058-ah~._.js:2325
[  232167ms] [ERROR] Unable to preventDefault inside passive event listener invocation. @ http://localhost:3020/_next/static/chunks/node_modules_next_dist_compiled_react-dom_058-ah~._.js:2325
[  232183ms] [ERROR] Unable to preventDefault inside passive event listener invocation. @ http://localhost:3020/_next/static/chunks/node_modules_next_dist_compiled_react-dom_058-ah~._.js:2325
[  232200ms] [ERROR] Unable to preventDefault inside passive event listener invocation. @ http://localhost:3020/_next/static/chunks/node_modules_next_dist_compiled_react-dom_058-ah~._.js:2325
[  232217ms] [ERROR] Unable to preventDefault inside passive event listener invocation. @ http://localhost:3020/_next/static/chunks/node_modules_next_dist_compiled_react-dom_058-ah~._.js:2325
[  232233ms] [ERROR] Unable to preventDefault inside passive event listener invocation. @ http://localhost:3020/_next/static/chunks/node_modules_next_dist_compiled_react-dom_058-ah~._.js:2325
[  232246ms] [LOG] [Fast Refresh] rebuilding @ http://localhost:3020/_next/static/chunks/node_modules_next_dist_115brz8._.js:2477
[  232250ms] [ERROR] Unable to preventDefault inside passive event listener invocation. @ http://localhost:3020/_next/static/chunks/node_modules_next_dist_compiled_react-dom_058-ah~._.js:2325
[  232267ms] [ERROR] Unable to preventDefault inside passive event listener invocation. @ http://localhost:3020/_next/static/chunks/node_modules_next_dist_compiled_react-dom_058-ah~._.js:2325
[  232283ms] [ERROR] Unable to preventDefault inside passive event listener invocation. @ http://localhost:3020/_next/static/chunks/node_modules_next_dist_compiled_react-dom_058-ah~._.js:2325
[  232300ms] [ERROR] Unable to preventDefault inside passive event listener invocation. @ http://localhost:3020/_next/static/chunks/node_modules_next_dist_compiled_react-dom_058-ah~._.js:2325
[  232316ms] [ERROR] Unable to preventDefault inside passive event listener invocation. @ http://localhost:3020/_next/static/chunks/node_modules_next_dist_compiled_react-dom_058-ah~._.js:2325
[  232333ms] [ERROR] Unable to preventDefault inside passive event listener invocation. @ http://localhost:3020/_next/static/chunks/node_modules_next_dist_compiled_react-dom_058-ah~._.js:2325
[  232350ms] [ERROR] Unable to preventDefault inside passive event listener invocation. @ http://localhost:3020/_next/static/chunks/node_modules_next_dist_compiled_react-dom_058-ah~._.js:2325
[  232367ms] [ERROR] Unable to preventDefault inside passive event listener invocation. @ http://localhost:3020/_next/static/chunks/node_modules_next_dist_compiled_react-dom_058-ah~._.js:2325
[  232383ms] [ERROR] Unable to preventDefault inside passive event listener invocation. @ http://localhost:3020/_next/static/chunks/node_modules_next_dist_compiled_react-dom_058-ah~._.js:2325
[  232400ms] [ERROR] Unable to preventDefault inside passive event listener invocation. @ http://localhost:3020/_next/static/chunks/node_modules_next_dist_compiled_react-dom_058-ah~._.js:2325
[  232416ms] [ERROR] Unable to preventDefault inside passive event listener invocation. @ http://localhost:3020/_next/static/chunks/node_modules_next_dist_compiled_react-dom_058-ah~._.js:2325
[  232433ms] [ERROR] Unable to preventDefault inside passive event listener invocation. @ http://localhost:3020/_next/static/chunks/node_modules_next_dist_compiled_react-dom_058-ah~._.js:2325
[  232450ms] [ERROR] Unable to preventDefault inside passive event listener invocation. @ http://localhost:3020/_next/static/chunks/node_modules_next_dist_compiled_react-dom_058-ah~._.js:2325
[  232467ms] [ERROR] Unable to preventDefault inside passive event listener invocation. @ http://localhost:3020/_next/static/chunks/node_modules_next_dist_compiled_react-dom_058-ah~._.js:2325
[  232483ms] [ERROR] Unable to preventDefault inside passive event listener invocation. @ http://localhost:3020/_next/static/chunks/node_modules_next_dist_compiled_react-dom_058-ah~._.js:2325
[  232500ms] [ERROR] Unable to preventDefault inside passive event listener invocation. @ http://localhost:3020/_next/static/chunks/node_modules_next_dist_compiled_react-dom_058-ah~._.js:2325
[  232517ms] [ERROR] Unable to preventDefault inside passive event listener invocation. @ http://localhost:3020/_next/static/chunks/node_modules_next_dist_compiled_react-dom_058-ah~._.js:2325
[  232533ms] [ERROR] Unable to preventDefault inside passive event listener invocation. @ http://localhost:3020/_next/static/chunks/node_modules_next_dist_compiled_react-dom_058-ah~._.js:2325
[  232556ms] [ERROR] Unable to preventDefault inside passive event listener invocation. @ http://localhost:3020/_next/static/chunks/node_modules_next_dist_compiled_react-dom_058-ah~._.js:2325
[  232567ms] [ERROR] Unable to preventDefault inside passive event listener invocation. @ http://localhost:3020/_next/static/chunks/node_modules_next_dist_compiled_react-dom_058-ah~._.js:2325
[  232583ms] [ERROR] Unable to preventDefault inside passive event listener invocation. @ http://localhost:3020/_next/static/chunks/node_modules_next_dist_compiled_react-dom_058-ah~._.js:2325
[  232600ms] [ERROR] Unable to preventDefault inside passive event listener invocation. @ http://localhost:3020/_next/static/chunks/node_modules_next_dist_compiled_react-dom_058-ah~._.js:2325
[  232617ms] [ERROR] Unable to preventDefault inside passive event listener invocation. @ http://localhost:3020/_next/static/chunks/node_modules_next_dist_compiled_react-dom_058-ah~._.js:2325
[  232633ms] [ERROR] Unable to preventDefault inside passive event listener invocation. @ http://localhost:3020/_next/static/chunks/node_modules_next_dist_compiled_react-dom_058-ah~._.js:2325
[  232650ms] [ERROR] Unable to preventDefault inside passive event listener invocation. @ http://localhost:3020/_next/static/chunks/node_modules_next_dist_compiled_react-dom_058-ah~._.js:2325
[  232666ms] [ERROR] Unable to preventDefault inside passive event listener invocation. @ http://localhost:3020/_next/static/chunks/node_modules_next_dist_compiled_react-dom_058-ah~._.js:2325
[  232717ms] [LOG] [Fast Refresh] done in 573ms @ http://localhost:3020/_next/static/chunks/node_modules_next_dist_115brz8._.js:2477
[  232785ms] [ERROR] Unable to preventDefault inside passive event listener invocation. @ http://localhost:3020/_next/static/chunks/node_modules_next_dist_compiled_react-dom_058-ah~._.js:2325
[  232805ms] [ERROR] Unable to preventDefault inside passive event listener invocation. @ http://localhost:3020/_next/static/chunks/node_modules_next_dist_compiled_react-dom_058-ah~._.js:2325
[  232816ms] [ERROR] Unable to preventDefault inside passive event listener invocation. @ http://localhost:3020/_next/static/chunks/node_modules_next_dist_compiled_react-dom_058-ah~._.js:2325
[  232833ms] [ERROR] Unable to preventDefault inside passive event listener invocation. @ http://localhost:3020/_next/static/chunks/node_modules_next_dist_compiled_react-dom_058-ah~._.js:2325
[  232850ms] [ERROR] Unable to preventDefault inside passive event listener invocation. @ http://localhost:3020/_next/static/chunks/node_modules_next_dist_compiled_react-dom_058-ah~._.js:2325
[  232867ms] [ERROR] Unable to preventDefault inside passive event listener invocation. @ http://localhost:3020/_next/static/chunks/node_modules_next_dist_compiled_react-dom_058-ah~._.js:2325
[  232883ms] [ERROR] Unable to preventDefault inside passive event listener invocation. @ http://localhost:3020/_next/static/chunks/node_modules_next_dist_compiled_react-dom_058-ah~._.js:2325
[  232900ms] [ERROR] Unable to preventDefault inside passive event listener invocation. @ http://localhost:3020/_next/static/chunks/node_modules_next_dist_compiled_react-dom_058-ah~._.js:2325
[  232903ms] [LOG] [Fast Refresh] rebuilding @ http://localhost:3020/_next/static/chunks/node_modules_next_dist_115brz8._.js:2477
[  232917ms] [ERROR] Unable to preventDefault inside passive event listener invocation. @ http://localhost:3020/_next/static/chunks/node_modules_next_dist_compiled_react-dom_058-ah~._.js:2325
[  232933ms] [ERROR] Unable to preventDefault inside passive event listener invocation. @ http://localhost:3020/_next/static/chunks/node_modules_next_dist_compiled_react-dom_058-ah~._.js:2325
[  232950ms] [ERROR] Unable to preventDefault inside passive event listener invocation. @ http://localhost:3020/_next/static/chunks/node_modules_next_dist_compiled_react-dom_058-ah~._.js:2325
[  232967ms] [ERROR] Unable to preventDefault inside passive event listener invocation. @ http://localhost:3020/_next/static/chunks/node_modules_next_dist_compiled_react-dom_058-ah~._.js:2325
[  232984ms] [ERROR] Unable to preventDefault inside passive event listener invocation. @ http://localhost:3020/_next/static/chunks/node_modules_next_dist_compiled_react-dom_058-ah~._.js:2325
[  233000ms] [ERROR] Unable to preventDefault inside passive event listener invocation. @ http://localhost:3020/_next/static/chunks/node_modules_next_dist_compiled_react-dom_058-ah~._.js:2325
[  233017ms] [ERROR] Unable to preventDefault inside passive event listener invocation. @ http://localhost:3020/_next/static/chunks/node_modules_next_dist_compiled_react-dom_058-ah~._.js:2325
[  233033ms] [ERROR] Unable to preventDefault inside passive event listener invocation. @ http://localhost:3020/_next/static/chunks/node_modules_next_dist_compiled_react-dom_058-ah~._.js:2325
[  233050ms] [ERROR] Unable to preventDefault inside passive event listener invocation. @ http://localhost:3020/_next/static/chunks/node_modules_next_dist_compiled_react-dom_058-ah~._.js:2325
[  233067ms] [ERROR] Unable to preventDefault inside passive event listener invocation. @ http://localhost:3020/_next/static/chunks/node_modules_next_dist_compiled_react-dom_058-ah~._.js:2325
[  233083ms] [ERROR] Unable to preventDefault inside passive event listener invocation. @ http://localhost:3020/_next/static/chunks/node_modules_next_dist_compiled_react-dom_058-ah~._.js:2325
[  233100ms] [ERROR] Unable to preventDefault inside passive event listener invocation. @ http://localhost:3020/_next/static/chunks/node_modules_next_dist_compiled_react-dom_058-ah~._.js:2325
[  233117ms] [ERROR] Unable to preventDefault inside passive event listener invocation. @ http://localhost:3020/_next/static/chunks/node_modules_next_dist_compiled_react-dom_058-ah~._.js:2325
[  233133ms] [ERROR] Unable to preventDefault inside passive event listener invocation. @ http://localhost:3020/_next/static/chunks/node_modules_next_dist_compiled_react-dom_058-ah~._.js:2325
[  233150ms] [ERROR] Unable to preventDefault inside passive event listener invocation. @ http://localhost:3020/_next/static/chunks/node_modules_next_dist_compiled_react-dom_058-ah~._.js:2325
[  233150ms] [ERROR] Unable to preventDefault inside passive event listener invocation. @ http://localhost:3020/_next/static/chunks/node_modules_next_dist_compiled_react-dom_058-ah~._.js:2325
[  233167ms] [ERROR] Unable to preventDefault inside passive event listener invocation. @ http://localhost:3020/_next/static/chunks/node_modules_next_dist_compiled_react-dom_058-ah~._.js:2325
[  233183ms] [ERROR] Unable to preventDefault inside passive event listener invocation. @ http://localhost:3020/_next/static/chunks/node_modules_next_dist_compiled_react-dom_058-ah~._.js:2325
[  233200ms] [ERROR] Unable to preventDefault inside passive event listener invocation. @ http://localhost:3020/_next/static/chunks/node_modules_next_dist_compiled_react-dom_058-ah~._.js:2325
[  233217ms] [ERROR] Unable to preventDefault inside passive event listener invocation. @ http://localhost:3020/_next/static/chunks/node_modules_next_dist_compiled_react-dom_058-ah~._.js:2325
[  233234ms] [ERROR] Unable to preventDefault inside passive event listener invocation. @ http://localhost:3020/_next/static/chunks/node_modules_next_dist_compiled_react-dom_058-ah~._.js:2325
[  233250ms] [ERROR] Unable to preventDefault inside passive event listener invocation. @ http://localhost:3020/_next/static/chunks/node_modules_next_dist_compiled_react-dom_058-ah~._.js:2325
[  233267ms] [ERROR] Unable to preventDefault inside passive event listener invocation. @ http://localhost:3020/_next/static/chunks/node_modules_next_dist_compiled_react-dom_058-ah~._.js:2325
[  233283ms] [ERROR] Unable to preventDefault inside passive event listener invocation. @ http://localhost:3020/_next/static/chunks/node_modules_next_dist_compiled_react-dom_058-ah~._.js:2325
[  233300ms] [ERROR] Unable to preventDefault inside passive event listener invocation. @ http://localhost:3020/_next/static/chunks/node_modules_next_dist_compiled_react-dom_058-ah~._.js:2325
[  233316ms] [ERROR] Unable to preventDefault inside passive event listener invocation. @ http://localhost:3020/_next/static/chunks/node_modules_next_dist_compiled_react-dom_058-ah~._.js:2325
[  233334ms] [ERROR] Unable to preventDefault inside passive event listener invocation. @ http://localhost:3020/_next/static/chunks/node_modules_next_dist_compiled_react-dom_058-ah~._.js:2325
[  233349ms] [ERROR] Unable to preventDefault inside passive event listener invocation. @ http://localhost:3020/_next/static/chunks/node_modules_next_dist_compiled_react-dom_058-ah~._.js:2325
[  233367ms] [ERROR] Unable to preventDefault inside passive event listener invocation. @ http://localhost:3020/_next/static/chunks/node_modules_next_dist_compiled_react-dom_058-ah~._.js:2325
[  233384ms] [ERROR] Unable to preventDefault inside passive event listener invocation. @ http://localhost:3020/_next/static/chunks/node_modules_next_dist_compiled_react-dom_058-ah~._.js:2325
[  233400ms] [ERROR] Unable to preventDefault inside passive event listener invocation. @ http://localhost:3020/_next/static/chunks/node_modules_next_dist_compiled_react-dom_058-ah~._.js:2325
[  233417ms] [ERROR] Unable to preventDefault inside passive event listener invocation. @ http://localhost:3020/_next/static/chunks/node_modules_next_dist_compiled_react-dom_058-ah~._.js:2325
[  233433ms] [ERROR] Unable to preventDefault inside passive event listener invocation. @ http://localhost:3020/_next/static/chunks/node_modules_next_dist_compiled_react-dom_058-ah~._.js:2325
[  233450ms] [ERROR] Unable to preventDefault inside passive event listener invocation. @ http://localhost:3020/_next/static/chunks/node_modules_next_dist_compiled_react-dom_058-ah~._.js:2325
[  233467ms] [ERROR] Unable to preventDefault inside passive event listener invocation. @ http://localhost:3020/_next/static/chunks/node_modules_next_dist_compiled_react-dom_058-ah~._.js:2325
[  233483ms] [ERROR] Unable to preventDefault inside passive event listener invocation. @ http://localhost:3020/_next/static/chunks/node_modules_next_dist_compiled_react-dom_058-ah~._.js:2325
[  233500ms] [ERROR] Unable to preventDefault inside passive event listener invocation. @ http://localhost:3020/_next/static/chunks/node_modules_next_dist_compiled_react-dom_058-ah~._.js:2325
[  233517ms] [ERROR] Unable to preventDefault inside passive event listener invocation. @ http://localhost:3020/_next/static/chunks/node_modules_next_dist_compiled_react-dom_058-ah~._.js:2325
[  233533ms] [ERROR] Unable to preventDefault inside passive event listener invocation. @ http://localhost:3020/_next/static/chunks/node_modules_next_dist_compiled_react-dom_058-ah~._.js:2325
[  233550ms] [ERROR] Unable to preventDefault inside passive event listener invocation. @ http://localhost:3020/_next/static/chunks/node_modules_next_dist_compiled_react-dom_058-ah~._.js:2325
[  233567ms] [ERROR] Unable to preventDefault inside passive event listener invocation. @ http://localhost:3020/_next/static/chunks/node_modules_next_dist_compiled_react-dom_058-ah~._.js:2325
[  233583ms] [ERROR] Unable to preventDefault inside passive event listener invocation. @ http://localhost:3020/_next/static/chunks/node_modules_next_dist_compiled_react-dom_058-ah~._.js:2325
[  233600ms] [ERROR] Unable to preventDefault inside passive event listener invocation. @ http://localhost:3020/_next/static/chunks/node_modules_next_dist_compiled_react-dom_058-ah~._.js:2325
[  233617ms] [ERROR] Unable to preventDefault inside passive event listener invocation. @ http://localhost:3020/_next/static/chunks/node_modules_next_dist_compiled_react-dom_058-ah~._.js:2325
[  233633ms] [ERROR] Unable to preventDefault inside passive event listener invocation. @ http://localhost:3020/_next/static/chunks/node_modules_next_dist_compiled_react-dom_058-ah~._.js:2325
[  233650ms] [ERROR] Unable to preventDefault inside passive event listener invocation. @ http://localhost:3020/_next/static/chunks/node_modules_next_dist_compiled_react-dom_058-ah~._.js:2325
[  233667ms] [ERROR] Unable to preventDefault inside passive event listener invocation. @ http://localhost:3020/_next/static/chunks/node_modules_next_dist_compiled_react-dom_058-ah~._.js:2325
[  233700ms] [ERROR] Unable to preventDefault inside passive event listener invocation. @ http://localhost:3020/_next/static/chunks/node_modules_next_dist_compiled_react-dom_058-ah~._.js:2325
[  233716ms] [LOG] [Fast Refresh] done in 914ms @ http://localhost:3020/_next/static/chunks/node_modules_next_dist_115brz8._.js:2477
[  233717ms] [ERROR] Unable to preventDefault inside passive event listener invocation. @ http://localhost:3020/_next/static/chunks/node_modules_next_dist_compiled_react-dom_058-ah~._.js:2325
[  233850ms] [ERROR] Unable to preventDefault inside passive event listener invocation. @ http://localhost:3020/_next/static/chunks/node_modules_next_dist_compiled_react-dom_058-ah~._.js:2325
[  233851ms] [ERROR] Unable to preventDefault inside passive event listener invocation. @ http://localhost:3020/_next/static/chunks/node_modules_next_dist_compiled_react-dom_058-ah~._.js:2325
[  233867ms] [ERROR] Unable to preventDefault inside passive event listener invocation. @ http://localhost:3020/_next/static/chunks/node_modules_next_dist_compiled_react-dom_058-ah~._.js:2325
[  233900ms] [ERROR] Unable to preventDefault inside passive event listener invocation. @ http://localhost:3020/_next/static/chunks/node_modules_next_dist_compiled_react-dom_058-ah~._.js:2325
[  233917ms] [ERROR] Unable to preventDefault inside passive event listener invocation. @ http://localhost:3020/_next/static/chunks/node_modules_next_dist_compiled_react-dom_058-ah~._.js:2325
[  233950ms] [ERROR] Unable to preventDefault inside passive event listener invocation. @ http://localhost:3020/_next/static/chunks/node_modules_next_dist_compiled_react-dom_058-ah~._.js:2325
[  234018ms] [ERROR] Unable to preventDefault inside passive event listener invocation. @ http://localhost:3020/_next/static/chunks/node_modules_next_dist_compiled_react-dom_058-ah~._.js:2325
[  234059ms] [ERROR] Unable to preventDefault inside passive event listener invocation. @ http://localhost:3020/_next/static/chunks/node_modules_next_dist_compiled_react-dom_058-ah~._.js:2325
[  234083ms] [ERROR] Unable to preventDefault inside passive event listener invocation. @ http://localhost:3020/_next/static/chunks/node_modules_next_dist_compiled_react-dom_058-ah~._.js:2325
[  234100ms] [ERROR] Unable to preventDefault inside passive event listener invocation. @ http://localhost:3020/_next/static/chunks/node_modules_next_dist_compiled_react-dom_058-ah~._.js:2325
[  234117ms] [ERROR] Unable to preventDefault inside passive event listener invocation. @ http://localhost:3020/_next/static/chunks/node_modules_next_dist_compiled_react-dom_058-ah~._.js:2325
[  234134ms] [ERROR] Unable to preventDefault inside passive event listener invocation. @ http://localhost:3020/_next/static/chunks/node_modules_next_dist_compiled_react-dom_058-ah~._.js:2325
[  234150ms] [ERROR] Unable to preventDefault inside passive event listener invocation. @ http://localhost:3020/_next/static/chunks/node_modules_next_dist_compiled_react-dom_058-ah~._.js:2325
[  234167ms] [ERROR] Unable to preventDefault inside passive event listener invocation. @ http://localhost:3020/_next/static/chunks/node_modules_next_dist_compiled_react-dom_058-ah~._.js:2325
[  234183ms] [ERROR] Unable to preventDefault inside passive event listener invocation. @ http://localhost:3020/_next/static/chunks/node_modules_next_dist_compiled_react-dom_058-ah~._.js:2325
[  234183ms] [LOG] [Fast Refresh] rebuilding @ http://localhost:3020/_next/static/chunks/node_modules_next_dist_115brz8._.js:2477
[  234200ms] [ERROR] Unable to preventDefault inside passive event listener invocation. @ http://localhost:3020/_next/static/chunks/node_modules_next_dist_compiled_react-dom_058-ah~._.js:2325
[  234217ms] [ERROR] Unable to preventDefault inside passive event listener invocation. @ http://localhost:3020/_next/static/chunks/node_modules_next_dist_compiled_react-dom_058-ah~._.js:2325
[  234233ms] [ERROR] Unable to preventDefault inside passive event listener invocation. @ http://localhost:3020/_next/static/chunks/node_modules_next_dist_compiled_react-dom_058-ah~._.js:2325
[  234250ms] [ERROR] Unable to preventDefault inside passive event listener invocation. @ http://localhost:3020/_next/static/chunks/node_modules_next_dist_compiled_react-dom_058-ah~._.js:2325
[  234267ms] [ERROR] Unable to preventDefault inside passive event listener invocation. @ http://localhost:3020/_next/static/chunks/node_modules_next_dist_compiled_react-dom_058-ah~._.js:2325
[  234283ms] [ERROR] Unable to preventDefault inside passive event listener invocation. @ http://localhost:3020/_next/static/chunks/node_modules_next_dist_compiled_react-dom_058-ah~._.js:2325
[  234300ms] [ERROR] Unable to preventDefault inside passive event listener invocation. @ http://localhost:3020/_next/static/chunks/node_modules_next_dist_compiled_react-dom_058-ah~._.js:2325
[  234317ms] [ERROR] Unable to preventDefault inside passive event listener invocation. @ http://localhost:3020/_next/static/chunks/node_modules_next_dist_compiled_react-dom_058-ah~._.js:2325
[  234333ms] [ERROR] Unable to preventDefault inside passive event listener invocation. @ http://localhost:3020/_next/static/chunks/node_modules_next_dist_compiled_react-dom_058-ah~._.js:2325
[  234350ms] [ERROR] Unable to preventDefault inside passive event listener invocation. @ http://localhost:3020/_next/static/chunks/node_modules_next_dist_compiled_react-dom_058-ah~._.js:2325
[  234367ms] [ERROR] Unable to preventDefault inside passive event listener invocation. @ http://localhost:3020/_next/static/chunks/node_modules_next_dist_compiled_react-dom_058-ah~._.js:2325
[  234383ms] [ERROR] Unable to preventDefault inside passive event listener invocation. @ http://localhost:3020/_next/static/chunks/node_modules_next_dist_compiled_react-dom_058-ah~._.js:2325
[  234400ms] [ERROR] Unable to preventDefault inside passive event listener invocation. @ http://localhost:3020/_next/static/chunks/node_modules_next_dist_compiled_react-dom_058-ah~._.js:2325
[  234417ms] [ERROR] Unable to preventDefault inside passive event listener invocation. @ http://localhost:3020/_next/static/chunks/node_modules_next_dist_compiled_react-dom_058-ah~._.js:2325
[  234433ms] [ERROR] Unable to preventDefault inside passive event listener invocation. @ http://localhost:3020/_next/static/chunks/node_modules_next_dist_compiled_react-dom_058-ah~._.js:2325
[  234450ms] [ERROR] Unable to preventDefault inside passive event listener invocation. @ http://localhost:3020/_next/static/chunks/node_modules_next_dist_compiled_react-dom_058-ah~._.js:2325
[  234467ms] [ERROR] Unable to preventDefault inside passive event listener invocation. @ http://localhost:3020/_next/static/chunks/node_modules_next_dist_compiled_react-dom_058-ah~._.js:2325
[  234483ms] [ERROR] Unable to preventDefault inside passive event listener invocation. @ http://localhost:3020/_next/static/chunks/node_modules_next_dist_compiled_react-dom_058-ah~._.js:2325
[  234501ms] [ERROR] Unable to preventDefault inside passive event listener invocation. @ http://localhost:3020/_next/static/chunks/node_modules_next_dist_compiled_react-dom_058-ah~._.js:2325
[  234517ms] [ERROR] Unable to preventDefault inside passive event listener invocation. @ http://localhost:3020/_next/static/chunks/node_modules_next_dist_compiled_react-dom_058-ah~._.js:2325
[  234517ms] [ERROR] Unable to preventDefault inside passive event listener invocation. @ http://localhost:3020/_next/static/chunks/node_modules_next_dist_compiled_react-dom_058-ah~._.js:2325
[  234534ms] [ERROR] Unable to preventDefault inside passive event listener invocation. @ http://localhost:3020/_next/static/chunks/node_modules_next_dist_compiled_react-dom_058-ah~._.js:2325
[  234550ms] [ERROR] Unable to preventDefault inside passive event listener invocation. @ http://localhost:3020/_next/static/chunks/node_modules_next_dist_compiled_react-dom_058-ah~._.js:2325
[  234567ms] [ERROR] Unable to preventDefault inside passive event listener invocation. @ http://localhost:3020/_next/static/chunks/node_modules_next_dist_compiled_react-dom_058-ah~._.js:2325
[  234583ms] [ERROR] Unable to preventDefault inside passive event listener invocation. @ http://localhost:3020/_next/static/chunks/node_modules_next_dist_compiled_react-dom_058-ah~._.js:2325
[  234600ms] [ERROR] Unable to preventDefault inside passive event listener invocation. @ http://localhost:3020/_next/static/chunks/node_modules_next_dist_compiled_react-dom_058-ah~._.js:2325
[  234617ms] [ERROR] Unable to preventDefault inside passive event listener invocation. @ http://localhost:3020/_next/static/chunks/node_modules_next_dist_compiled_react-dom_058-ah~._.js:2325
[  234633ms] [ERROR] Unable to preventDefault inside passive event listener invocation. @ http://localhost:3020/_next/static/chunks/node_modules_next_dist_compiled_react-dom_058-ah~._.js:2325
[  234650ms] [ERROR] Unable to preventDefault inside passive event listener invocation. @ http://localhost:3020/_next/static/chunks/node_modules_next_dist_compiled_react-dom_058-ah~._.js:2325
[  234666ms] [ERROR] Unable to preventDefault inside passive event listener invocation. @ http://localhost:3020/_next/static/chunks/node_modules_next_dist_compiled_react-dom_058-ah~._.js:2325
[  234683ms] [ERROR] Unable to preventDefault inside passive event listener invocation. @ http://localhost:3020/_next/static/chunks/node_modules_next_dist_compiled_react-dom_058-ah~._.js:2325
[  234700ms] [ERROR] Unable to preventDefault inside passive event listener invocation. @ http://localhost:3020/_next/static/chunks/node_modules_next_dist_compiled_react-dom_058-ah~._.js:2325
[  234717ms] [ERROR] Unable to preventDefault inside passive event listener invocation. @ http://localhost:3020/_next/static/chunks/node_modules_next_dist_compiled_react-dom_058-ah~._.js:2325
[  234733ms] [ERROR] Unable to preventDefault inside passive event listener invocation. @ http://localhost:3020/_next/static/chunks/node_modules_next_dist_compiled_react-dom_058-ah~._.js:2325
[  234750ms] [ERROR] Unable to preventDefault inside passive event listener invocation. @ http://localhost:3020/_next/static/chunks/node_modules_next_dist_compiled_react-dom_058-ah~._.js:2325
[  234767ms] [ERROR] Unable to preventDefault inside passive event listener invocation. @ http://localhost:3020/_next/static/chunks/node_modules_next_dist_compiled_react-dom_058-ah~._.js:2325
[  234784ms] [ERROR] Unable to preventDefault inside passive event listener invocation. @ http://localhost:3020/_next/static/chunks/node_modules_next_dist_compiled_react-dom_058-ah~._.js:2325
[  234799ms] [ERROR] Unable to preventDefault inside passive event listener invocation. @ http://localhost:3020/_next/static/chunks/node_modules_next_dist_compiled_react-dom_058-ah~._.js:2325
[  234816ms] [ERROR] Unable to preventDefault inside passive event listener invocation. @ http://localhost:3020/_next/static/chunks/node_modules_next_dist_compiled_react-dom_058-ah~._.js:2325
[  234833ms] [ERROR] Unable to preventDefault inside passive event listener invocation. @ http://localhost:3020/_next/static/chunks/node_modules_next_dist_compiled_react-dom_058-ah~._.js:2325
[  234849ms] [ERROR] Unable to preventDefault inside passive event listener invocation. @ http://localhost:3020/_next/static/chunks/node_modules_next_dist_compiled_react-dom_058-ah~._.js:2325
[  234867ms] [ERROR] Unable to preventDefault inside passive event listener invocation. @ http://localhost:3020/_next/static/chunks/node_modules_next_dist_compiled_react-dom_058-ah~._.js:2325
[  234883ms] [ERROR] Unable to preventDefault inside passive event listener invocation. @ http://localhost:3020/_next/static/chunks/node_modules_next_dist_compiled_react-dom_058-ah~._.js:2325
[  234900ms] [ERROR] Unable to preventDefault inside passive event listener invocation. @ http://localhost:3020/_next/static/chunks/node_modules_next_dist_compiled_react-dom_058-ah~._.js:2325
[  234917ms] [ERROR] Unable to preventDefault inside passive event listener invocation. @ http://localhost:3020/_next/static/chunks/node_modules_next_dist_compiled_react-dom_058-ah~._.js:2325
[  234934ms] [ERROR] Unable to preventDefault inside passive event listener invocation. @ http://localhost:3020/_next/static/chunks/node_modules_next_dist_compiled_react-dom_058-ah~._.js:2325
[  234950ms] [ERROR] Unable to preventDefault inside passive event listener invocation. @ http://localhost:3020/_next/static/chunks/node_modules_next_dist_compiled_react-dom_058-ah~._.js:2325
[  234967ms] [ERROR] Unable to preventDefault inside passive event listener invocation. @ http://localhost:3020/_next/static/chunks/node_modules_next_dist_compiled_react-dom_058-ah~._.js:2325
[  234984ms] [ERROR] Unable to preventDefault inside passive event listener invocation. @ http://localhost:3020/_next/static/chunks/node_modules_next_dist_compiled_react-dom_058-ah~._.js:2325
[  235000ms] [ERROR] Unable to preventDefault inside passive event listener invocation. @ http://localhost:3020/_next/static/chunks/node_modules_next_dist_compiled_react-dom_058-ah~._.js:2325
[  235017ms] [ERROR] Unable to preventDefault inside passive event listener invocation. @ http://localhost:3020/_next/static/chunks/node_modules_next_dist_compiled_react-dom_058-ah~._.js:2325
[  235033ms] [ERROR] Unable to preventDefault inside passive event listener invocation. @ http://localhost:3020/_next/static/chunks/node_modules_next_dist_compiled_react-dom_058-ah~._.js:2325
[  235050ms] [ERROR] Unable to preventDefault inside passive event listener invocation. @ http://localhost:3020/_next/static/chunks/node_modules_next_dist_compiled_react-dom_058-ah~._.js:2325
[  235067ms] [ERROR] Unable to preventDefault inside passive event listener invocation. @ http://localhost:3020/_next/static/chunks/node_modules_next_dist_compiled_react-dom_058-ah~._.js:2325
[  235084ms] [ERROR] Unable to preventDefault inside passive event listener invocation. @ http://localhost:3020/_next/static/chunks/node_modules_next_dist_compiled_react-dom_058-ah~._.js:2325
[  235101ms] [ERROR] Unable to preventDefault inside passive event listener invocation. @ http://localhost:3020/_next/static/chunks/node_modules_next_dist_compiled_react-dom_058-ah~._.js:2325
[  235117ms] [ERROR] Unable to preventDefault inside passive event listener invocation. @ http://localhost:3020/_next/static/chunks/node_modules_next_dist_compiled_react-dom_058-ah~._.js:2325
[  235133ms] [ERROR] Unable to preventDefault inside passive event listener invocation. @ http://localhost:3020/_next/static/chunks/node_modules_next_dist_compiled_react-dom_058-ah~._.js:2325
[  235150ms] [ERROR] Unable to preventDefault inside passive event listener invocation. @ http://localhost:3020/_next/static/chunks/node_modules_next_dist_compiled_react-dom_058-ah~._.js:2325
[  235167ms] [ERROR] Unable to preventDefault inside passive event listener invocation. @ http://localhost:3020/_next/static/chunks/node_modules_next_dist_compiled_react-dom_058-ah~._.js:2325
[  235184ms] [ERROR] Unable to preventDefault inside passive event listener invocation. @ http://localhost:3020/_next/static/chunks/node_modules_next_dist_compiled_react-dom_058-ah~._.js:2325
[  235200ms] [ERROR] Unable to preventDefault inside passive event listener invocation. @ http://localhost:3020/_next/static/chunks/node_modules_next_dist_compiled_react-dom_058-ah~._.js:2325
[  235210ms] [LOG] [Fast Refresh] done in 1128ms @ http://localhost:3020/_next/static/chunks/node_modules_next_dist_115brz8._.js:2477
[  235217ms] [ERROR] Unable to preventDefault inside passive event listener invocation. @ http://localhost:3020/_next/static/chunks/node_modules_next_dist_compiled_react-dom_058-ah~._.js:2325
[  235234ms] [ERROR] Unable to preventDefault inside passive event listener invocation. @ http://localhost:3020/_next/static/chunks/node_modules_next_dist_compiled_react-dom_058-ah~._.js:2325
[  235267ms] [ERROR] Unable to preventDefault inside passive event listener invocation. @ http://localhost:3020/_next/static/chunks/node_modules_next_dist_compiled_react-dom_058-ah~._.js:2325
[  235317ms] [ERROR] Unable to preventDefault inside passive event listener invocation. @ http://localhost:3020/_next/static/chunks/node_modules_next_dist_compiled_react-dom_058-ah~._.js:2325
[  311210ms] [ERROR] Unable to preventDefault inside passive event listener invocation. @ http://localhost:3020/_next/static/chunks/node_modules_next_dist_compiled_react-dom_058-ah~._.js:2325
[  311234ms] [ERROR] Unable to preventDefault inside passive event listener invocation. @ http://localhost:3020/_next/static/chunks/node_modules_next_dist_compiled_react-dom_058-ah~._.js:2325
[  311250ms] [ERROR] Unable to preventDefault inside passive event listener invocation. @ http://localhost:3020/_next/static/chunks/node_modules_next_dist_compiled_react-dom_058-ah~._.js:2325
[  311267ms] [ERROR] Unable to preventDefault inside passive event listener invocation. @ http://localhost:3020/_next/static/chunks/node_modules_next_dist_compiled_react-dom_058-ah~._.js:2325
[  311283ms] [ERROR] Unable to preventDefault inside passive event listener invocation. @ http://localhost:3020/_next/static/chunks/node_modules_next_dist_compiled_react-dom_058-ah~._.js:2325
[  311300ms] [ERROR] Unable to preventDefault inside passive event listener invocation. @ http://localhost:3020/_next/static/chunks/node_modules_next_dist_compiled_react-dom_058-ah~._.js:2325
[  311317ms] [ERROR] Unable to preventDefault inside passive event listener invocation. @ http://localhost:3020/_next/static/chunks/node_modules_next_dist_compiled_react-dom_058-ah~._.js:2325
[  311334ms] [ERROR] Unable to preventDefault inside passive event listener invocation. @ http://localhost:3020/_next/static/chunks/node_modules_next_dist_compiled_react-dom_058-ah~._.js:2325
[  311350ms] [ERROR] Unable to preventDefault inside passive event listener invocation. @ http://localhost:3020/_next/static/chunks/node_modules_next_dist_compiled_react-dom_058-ah~._.js:2325
[  311367ms] [ERROR] Unable to preventDefault inside passive event listener invocation. @ http://localhost:3020/_next/static/chunks/node_modules_next_dist_compiled_react-dom_058-ah~._.js:2325
[  311384ms] [ERROR] Unable to preventDefault inside passive event listener invocation. @ http://localhost:3020/_next/static/chunks/node_modules_next_dist_compiled_react-dom_058-ah~._.js:2325
[  311400ms] [ERROR] Unable to preventDefault inside passive event listener invocation. @ http://localhost:3020/_next/static/chunks/node_modules_next_dist_compiled_react-dom_058-ah~._.js:2325
[  311417ms] [ERROR] Unable to preventDefault inside passive event listener invocation. @ http://localhost:3020/_next/static/chunks/node_modules_next_dist_compiled_react-dom_058-ah~._.js:2325
[  311417ms] [ERROR] Unable to preventDefault inside passive event listener invocation. @ http://localhost:3020/_next/static/chunks/node_modules_next_dist_compiled_react-dom_058-ah~._.js:2325
[  311434ms] [ERROR] Unable to preventDefault inside passive event listener invocation. @ http://localhost:3020/_next/static/chunks/node_modules_next_dist_compiled_react-dom_058-ah~._.js:2325
[  311450ms] [ERROR] Unable to preventDefault inside passive event listener invocation. @ http://localhost:3020/_next/static/chunks/node_modules_next_dist_compiled_react-dom_058-ah~._.js:2325
[  311467ms] [ERROR] Unable to preventDefault inside passive event listener invocation. @ http://localhost:3020/_next/static/chunks/node_modules_next_dist_compiled_react-dom_058-ah~._.js:2325
[  311483ms] [ERROR] Unable to preventDefault inside passive event listener invocation. @ http://localhost:3020/_next/static/chunks/node_modules_next_dist_compiled_react-dom_058-ah~._.js:2325
[  311500ms] [ERROR] Unable to preventDefault inside passive event listener invocation. @ http://localhost:3020/_next/static/chunks/node_modules_next_dist_compiled_react-dom_058-ah~._.js:2325
[  311517ms] [ERROR] Unable to preventDefault inside passive event listener invocation. @ http://localhost:3020/_next/static/chunks/node_modules_next_dist_compiled_react-dom_058-ah~._.js:2325
[  311534ms] [ERROR] Unable to preventDefault inside passive event listener invocation. @ http://localhost:3020/_next/static/chunks/node_modules_next_dist_compiled_react-dom_058-ah~._.js:2325
[  311550ms] [ERROR] Unable to preventDefault inside passive event listener invocation. @ http://localhost:3020/_next/static/chunks/node_modules_next_dist_compiled_react-dom_058-ah~._.js:2325
[  311567ms] [ERROR] Unable to preventDefault inside passive event listener invocation. @ http://localhost:3020/_next/static/chunks/node_modules_next_dist_compiled_react-dom_058-ah~._.js:2325
[  311583ms] [ERROR] Unable to preventDefault inside passive event listener invocation. @ http://localhost:3020/_next/static/chunks/node_modules_next_dist_compiled_react-dom_058-ah~._.js:2325
[  311600ms] [ERROR] Unable to preventDefault inside passive event listener invocation. @ http://localhost:3020/_next/static/chunks/node_modules_next_dist_compiled_react-dom_058-ah~._.js:2325
[  311617ms] [ERROR] Unable to preventDefault inside passive event listener invocation. @ http://localhost:3020/_next/static/chunks/node_modules_next_dist_compiled_react-dom_058-ah~._.js:2325
[  311633ms] [ERROR] Unable to preventDefault inside passive event listener invocation. @ http://localhost:3020/_next/static/chunks/node_modules_next_dist_compiled_react-dom_058-ah~._.js:2325
[  311650ms] [ERROR] Unable to preventDefault inside passive event listener invocation. @ http://localhost:3020/_next/static/chunks/node_modules_next_dist_compiled_react-dom_058-ah~._.js:2325
[  311667ms] [ERROR] Unable to preventDefault inside passive event listener invocation. @ http://localhost:3020/_next/static/chunks/node_modules_next_dist_compiled_react-dom_058-ah~._.js:2325
[  311683ms] [ERROR] Unable to preventDefault inside passive event listener invocation. @ http://localhost:3020/_next/static/chunks/node_modules_next_dist_compiled_react-dom_058-ah~._.js:2325
[  311700ms] [ERROR] Unable to preventDefault inside passive event listener invocation. @ http://localhost:3020/_next/static/chunks/node_modules_next_dist_compiled_react-dom_058-ah~._.js:2325
[  311717ms] [ERROR] Unable to preventDefault inside passive event listener invocation. @ http://localhost:3020/_next/static/chunks/node_modules_next_dist_compiled_react-dom_058-ah~._.js:2325
[  311733ms] [ERROR] Unable to preventDefault inside passive event listener invocation. @ http://localhost:3020/_next/static/chunks/node_modules_next_dist_compiled_react-dom_058-ah~._.js:2325
[  311750ms] [ERROR] Unable to preventDefault inside passive event listener invocation. @ http://localhost:3020/_next/static/chunks/node_modules_next_dist_compiled_react-dom_058-ah~._.js:2325
[  311767ms] [ERROR] Unable to preventDefault inside passive event listener invocation. @ http://localhost:3020/_next/static/chunks/node_modules_next_dist_compiled_react-dom_058-ah~._.js:2325
[  311783ms] [ERROR] Unable to preventDefault inside passive event listener invocation. @ http://localhost:3020/_next/static/chunks/node_modules_next_dist_compiled_react-dom_058-ah~._.js:2325
[  311800ms] [ERROR] Unable to preventDefault inside passive event listener invocation. @ http://localhost:3020/_next/static/chunks/node_modules_next_dist_compiled_react-dom_058-ah~._.js:2325
[  311817ms] [ERROR] Unable to preventDefault inside passive event listener invocation. @ http://localhost:3020/_next/static/chunks/node_modules_next_dist_compiled_react-dom_058-ah~._.js:2325
[  311833ms] [ERROR] Unable to preventDefault inside passive event listener invocation. @ http://localhost:3020/_next/static/chunks/node_modules_next_dist_compiled_react-dom_058-ah~._.js:2325
[  311892ms] [ERROR] Unable to preventDefault inside passive event listener invocation. @ http://localhost:3020/_next/static/chunks/node_modules_next_dist_compiled_react-dom_058-ah~._.js:2325
[  311917ms] [ERROR] Unable to preventDefault inside passive event listener invocation. @ http://localhost:3020/_next/static/chunks/node_modules_next_dist_compiled_react-dom_058-ah~._.js:2325
[  311933ms] [ERROR] Unable to preventDefault inside passive event listener invocation. @ http://localhost:3020/_next/static/chunks/node_modules_next_dist_compiled_react-dom_058-ah~._.js:2325
[  311949ms] [ERROR] Unable to preventDefault inside passive event listener invocation. @ http://localhost:3020/_next/static/chunks/node_modules_next_dist_compiled_react-dom_058-ah~._.js:2325
[  311967ms] [ERROR] Unable to preventDefault inside passive event listener invocation. @ http://localhost:3020/_next/static/chunks/node_modules_next_dist_compiled_react-dom_058-ah~._.js:2325
[  311984ms] [ERROR] Unable to preventDefault inside passive event listener invocation. @ http://localhost:3020/_next/static/chunks/node_modules_next_dist_compiled_react-dom_058-ah~._.js:2325
[  312000ms] [ERROR] Unable to preventDefault inside passive event listener invocation. @ http://localhost:3020/_next/static/chunks/node_modules_next_dist_compiled_react-dom_058-ah~._.js:2325
[  312017ms] [ERROR] Unable to preventDefault inside passive event listener invocation. @ http://localhost:3020/_next/static/chunks/node_modules_next_dist_compiled_react-dom_058-ah~._.js:2325
[  312034ms] [ERROR] Unable to preventDefault inside passive event listener invocation. @ http://localhost:3020/_next/static/chunks/node_modules_next_dist_compiled_react-dom_058-ah~._.js:2325
[  312050ms] [ERROR] Unable to preventDefault inside passive event listener invocation. @ http://localhost:3020/_next/static/chunks/node_modules_next_dist_compiled_react-dom_058-ah~._.js:2325
[  312067ms] [ERROR] Unable to preventDefault inside passive event listener invocation. @ http://localhost:3020/_next/static/chunks/node_modules_next_dist_compiled_react-dom_058-ah~._.js:2325
[  312083ms] [ERROR] Unable to preventDefault inside passive event listener invocation. @ http://localhost:3020/_next/static/chunks/node_modules_next_dist_compiled_react-dom_058-ah~._.js:2325
[  312083ms] [ERROR] Unable to preventDefault inside passive event listener invocation. @ http://localhost:3020/_next/static/chunks/node_modules_next_dist_compiled_react-dom_058-ah~._.js:2325
[  312100ms] [ERROR] Unable to preventDefault inside passive event listener invocation. @ http://localhost:3020/_next/static/chunks/node_modules_next_dist_compiled_react-dom_058-ah~._.js:2325
[  312117ms] [ERROR] Unable to preventDefault inside passive event listener invocation. @ http://localhost:3020/_next/static/chunks/node_modules_next_dist_compiled_react-dom_058-ah~._.js:2325
[  312133ms] [ERROR] Unable to preventDefault inside passive event listener invocation. @ http://localhost:3020/_next/static/chunks/node_modules_next_dist_compiled_react-dom_058-ah~._.js:2325
[  312150ms] [ERROR] Unable to preventDefault inside passive event listener invocation. @ http://localhost:3020/_next/static/chunks/node_modules_next_dist_compiled_react-dom_058-ah~._.js:2325
[  312167ms] [ERROR] Unable to preventDefault inside passive event listener invocation. @ http://localhost:3020/_next/static/chunks/node_modules_next_dist_compiled_react-dom_058-ah~._.js:2325
[  312183ms] [ERROR] Unable to preventDefault inside passive event listener invocation. @ http://localhost:3020/_next/static/chunks/node_modules_next_dist_compiled_react-dom_058-ah~._.js:2325
[  312200ms] [ERROR] Unable to preventDefault inside passive event listener invocation. @ http://localhost:3020/_next/static/chunks/node_modules_next_dist_compiled_react-dom_058-ah~._.js:2325
[  312217ms] [ERROR] Unable to preventDefault inside passive event listener invocation. @ http://localhost:3020/_next/static/chunks/node_modules_next_dist_compiled_react-dom_058-ah~._.js:2325
[  312233ms] [ERROR] Unable to preventDefault inside passive event listener invocation. @ http://localhost:3020/_next/static/chunks/node_modules_next_dist_compiled_react-dom_058-ah~._.js:2325
[  312250ms] [ERROR] Unable to preventDefault inside passive event listener invocation. @ http://localhost:3020/_next/static/chunks/node_modules_next_dist_compiled_react-dom_058-ah~._.js:2325
[  312273ms] [ERROR] Unable to preventDefault inside passive event listener invocation. @ http://localhost:3020/_next/static/chunks/node_modules_next_dist_compiled_react-dom_058-ah~._.js:2325
